[Info] 2025/08/16 15:43:50, D:\VSProject\CG\GameEngine_DX12\Engine\Core\DirectX12\DirectX12_Impl.cpp, DirectX12::ChooseAdapter, Adapter : NVIDIA GeForce RTX 3060 Laptop GPU
[Info] 2025/08/16 15:43:50, D:\VSProject\CG\GameEngine_DX12\Engine\Core\DirectX12\Helper\DX12Helper.cpp, DX12Helper::CreateDevice, FeatureLevel : 12.2
[Info] 2025/08/16 15:43:50, D:\VSProject\CG\GameEngine_DX12\Engine\Core\DirectX12\Helper\DX12Helper.cpp, DX12Helper::CreateDevice, Initilization succeeded
[Info] 2025/08/16 15:43:50, DirectX12, Initialize, DirectX12 Initialized.
[Info] 2025/08/16 15:43:50, D:\VSProject\CG\GameEngine_DX12\Engine\Core\DirectX12\DirectX12_Impl.cpp, DirectX12::CreateCommandResources, Begin to create command queue
[Info] 2025/08/16 15:43:50, D:\VSProject\CG\GameEngine_DX12\Engine\Core\DirectX12\DirectX12_Impl.cpp, DirectX12::CreateCommandResources, Command queue creation completed
[Info] 2025/08/16 15:43:50, D:\VSProject\CG\GameEngine_DX12\Engine\Core\DirectX12\DirectX12_Impl.cpp, DirectX12::CreateCommandResources, Begin to create command allocator
[Info] 2025/08/16 15:43:50, D:\VSProject\CG\GameEngine_DX12\Engine\Core\DirectX12\DirectX12_Impl.cpp, DirectX12::CreateCommandResources, Command allocator creation completed
[Info] 2025/08/16 15:43:50, D:\VSProject\CG\GameEngine_DX12\Engine\Core\DirectX12\DirectX12_Impl.cpp, DirectX12::CreateCommandResources, Begin to create command list
[Info] 2025/08/16 15:43:50, D:\VSProject\CG\GameEngine_DX12\Engine\Core\DirectX12\DirectX12_Impl.cpp, DirectX12::CreateCommandResources, Command list creation completed
[Info] 2025/08/16 15:43:50, D:\VSProject\CG\GameEngine_DX12\Engine\Core\DirectX12\DirectX12_Impl.cpp, DirectX12::CreateSwapChainAndResource, Swap chain creation completed
[Info] 2025/08/16 15:43:50, D:\VSProject\CG\GameEngine_DX12\Engine\Core\DirectX12\DirectX12_Impl.cpp, DirectX12::CreateSwapChainAndResource, Resource acquisition from swap chain completed
[Info] 2025/08/16 15:43:50, D:\VSProject\CG\GameEngine_DX12\Engine\Core\DirectX12\DirectX12_Impl.cpp, DirectX12::CreateFenceAndEvent, Fence creation completed
[Info] 2025/08/16 15:43:50, D:\VSProject\CG\GameEngine_DX12\Engine\Core\DirectX12\DirectX12_Impl.cpp, DirectX12::CreateDirectXShaderCompiler, DXC initialization completed
[Info] 2025/08/16 15:43:51, D:\VSProject\CG\GameEngine_DX12\Engine\Core\DirectX12\DirectX12_Impl.cpp, DirectX12::CreateD3D11Device, D3D11 device creation completed
[Info] 2025/08/16 15:43:51, D:\VSProject\CG\GameEngine_DX12\Engine\Core\DirectX12\DirectX12_Impl.cpp, DirectX12::CreateD3D11Device, D3D11On12 device creation completed
[Info] 2025/08/16 15:43:51, D:\VSProject\CG\GameEngine_DX12\Engine\Core\DirectX12\DirectX12_Impl.cpp, DirectX12::CreateD2D1Factory, D2D1 factory creation completed
[Info] 2025/08/16 15:43:51, D:\VSProject\CG\GameEngine_DX12\Engine\Core\DirectX12\DirectX12_Impl.cpp, DirectX12::CreateID2D1DeviceContext, D2D device context creation completed
[Info] 2025/08/16 15:43:51, D:\VSProject\CG\GameEngine_DX12\Engine\Core\DirectX12\DirectX12_Impl.cpp, DirectX12::CreateD2DRenderTarget, D2D render target creation completed
[Info] 2025/08/16 15:43:51, D:\VSProject\CG\GameEngine_DX12\Engine\Core\DirectX12\Helper\DX12Helper.cpp, DX12Helper::CompileShader, Begin compile. Path:EngineResources/Shaders/Sprite.VS.hlsl, Profile:vs_6_0
[Info] 2025/08/16 15:43:51, D:\VSProject\CG\GameEngine_DX12\Engine\Core\DirectX12\Helper\DX12Helper.cpp, DX12Helper::CompileShader, Compile succeeded. Size: 11804bytes
[Info] 2025/08/16 15:43:51, D:\VSProject\CG\GameEngine_DX12\Engine\Core\DirectX12\Helper\DX12Helper.cpp, DX12Helper::CompileShader, Begin compile. Path:EngineResources/Shaders/Sprite.PS.hlsl, Profile:ps_6_0
[Info] 2025/08/16 15:43:51, D:\VSProject\CG\GameEngine_DX12\Engine\Core\DirectX12\Helper\DX12Helper.cpp, DX12Helper::CompileShader, Compile succeeded. Size: 10656bytes
[Info] 2025/08/16 15:43:51, D:\VSProject\CG\GameEngine_DX12\Engine\Core\DirectX12\Helper\DX12Helper.cpp, DX12Helper::CompileShader, Begin compile. Path:EngineResources/Shaders/Object3d.VS.hlsl, Profile:vs_6_0
[Info] 2025/08/16 15:43:51, D:\VSProject\CG\GameEngine_DX12\Engine\Core\DirectX12\Helper\DX12Helper.cpp, DX12Helper::CompileShader, Compile succeeded. Size: 12972bytes
[Info] 2025/08/16 15:43:51, D:\VSProject\CG\GameEngine_DX12\Engine\Core\DirectX12\Helper\DX12Helper.cpp, DX12Helper::CompileShader, Begin compile. Path:EngineResources/Shaders/Object3d.PS.hlsl, Profile:ps_6_0
[Info] 2025/08/16 15:43:51, D:\VSProject\CG\GameEngine_DX12\Engine\Core\DirectX12\Helper\DX12Helper.cpp, DX12Helper::CompileShader, Compile succeeded. Size: 28316bytes
[Info] 2025/08/16 15:43:51, D:\VSProject\CG\GameEngine_DX12\Engine\Core\DirectX12\Helper\DX12Helper.cpp, DX12Helper::CompileShader, Begin compile. Path:EngineResources/Shaders/Particle.VS.hlsl, Profile:vs_6_0
[Info] 2025/08/16 15:43:51, D:\VSProject\CG\GameEngine_DX12\Engine\Core\DirectX12\Helper\DX12Helper.cpp, DX12Helper::CompileShader, Compile succeeded. Size: 11436bytes
[Info] 2025/08/16 15:43:51, D:\VSProject\CG\GameEngine_DX12\Engine\Core\DirectX12\Helper\DX12Helper.cpp, DX12Helper::CompileShader, Begin compile. Path:EngineResources/Shaders/Particle.PS.hlsl, Profile:ps_6_0
[Info] 2025/08/16 15:43:51, D:\VSProject\CG\GameEngine_DX12\Engine\Core\DirectX12\Helper\DX12Helper.cpp, DX12Helper::CompileShader, Compile succeeded. Size: 9112bytes
[Info] 2025/08/16 15:43:51, D:\VSProject\CG\GameEngine_DX12\Engine\Core\DirectX12\Helper\DX12Helper.cpp, DX12Helper::CompileShader, Begin compile. Path:EngineResources/Shaders/Line.VS.hlsl, Profile:vs_6_0
[Info] 2025/08/16 15:43:51, D:\VSProject\CG\GameEngine_DX12\Engine\Core\DirectX12\Helper\DX12Helper.cpp, DX12Helper::CompileShader, Compile succeeded. Size: 8688bytes
[Info] 2025/08/16 15:43:51, D:\VSProject\CG\GameEngine_DX12\Engine\Core\DirectX12\Helper\DX12Helper.cpp, DX12Helper::CompileShader, Begin compile. Path:EngineResources/Shaders/Line.PS.hlsl, Profile:ps_6_0
[Info] 2025/08/16 15:43:51, D:\VSProject\CG\GameEngine_DX12\Engine\Core\DirectX12\Helper\DX12Helper.cpp, DX12Helper::CompileShader, Compile succeeded. Size: 6736bytes
[Info] 2025/08/16 15:43:52, D:\VSProject\CG\GameEngine_DX12\Engine\Core\DirectX12\Helper\DX12Helper.cpp, DX12Helper::CompileShader, Begin compile. Path:EngineResources/Shaders/Skinning.CS.hlsl, Profile:cs_6_0
[Info] 2025/08/16 15:43:52, D:\VSProject\CG\GameEngine_DX12\Engine\Core\DirectX12\Helper\DX12Helper.cpp, DX12Helper::CompileShader, Compile succeeded. Size: 21564bytes
[Info] 2025/08/16 15:43:52, D:\VSProject\CG\GameEngine_DX12\Engine\Core\DirectX12\Helper\DX12Helper.cpp, DX12Helper::CompileShader, Begin compile. Path:EngineResources/Shaders/Skybox.VS.hlsl, Profile:vs_6_0
[Info] 2025/08/16 15:43:52, D:\VSProject\CG\GameEngine_DX12\Engine\Core\DirectX12\Helper\DX12Helper.cpp, DX12Helper::CompileShader, Compile succeeded. Size: 9196bytes
[Info] 2025/08/16 15:43:52, D:\VSProject\CG\GameEngine_DX12\Engine\Core\DirectX12\Helper\DX12Helper.cpp, DX12Helper::CompileShader, Begin compile. Path:EngineResources/Shaders/Skybox.PS.hlsl, Profile:ps_6_0
[Info] 2025/08/16 15:43:52, D:\VSProject\CG\GameEngine_DX12\Engine\Core\DirectX12\Helper\DX12Helper.cpp, DX12Helper::CompileShader, Compile succeeded. Size: 8872bytes
[Info] 2025/08/16 15:43:52, D:\VSProject\CG\GameEngine_DX12\Engine\Core\DirectX12\Helper\DX12Helper.cpp, DX12Helper::CompileShader, Begin compile. Path:EngineResources/Shaders/Fullscreen.VS.hlsl, Profile:vs_6_0
[Info] 2025/08/16 15:43:52, D:\VSProject\CG\GameEngine_DX12\Engine\Core\DirectX12\Helper\DX12Helper.cpp, DX12Helper::CompileShader, Compile succeeded. Size: 7304bytes
[Info] 2025/08/16 15:43:52, D:\VSProject\CG\GameEngine_DX12\Engine\Core\DirectX12\Helper\DX12Helper.cpp, DX12Helper::CompileShader, Begin compile. Path:EngineResources/Shaders/Fullscreen.PS.hlsl, Profile:ps_6_0
[Info] 2025/08/16 15:43:52, D:\VSProject\CG\GameEngine_DX12\Engine\Core\DirectX12\Helper\DX12Helper.cpp, DX12Helper::CompileShader, Compile succeeded. Size: 7944bytes
[Info] 2025/08/16 15:43:52, D:\VSProject\CG\GameEngine_DX12\Engine\Core\DirectX12\DirectX12_Impl.cpp, DirectX12::ResizeBuffers, Success resizing buffers
[Info] 2025/08/16 15:43:52, D:\VSProject\CG\GameEngine_DX12\Engine\Core\DirectX12\DirectX12_Impl.cpp, DirectX12::CreateD3D11Device, D3D11 device creation completed
[Info] 2025/08/16 15:43:52, D:\VSProject\CG\GameEngine_DX12\Engine\Core\DirectX12\DirectX12_Impl.cpp, DirectX12::CreateD3D11Device, D3D11On12 device creation completed
[Info] 2025/08/16 15:43:52, D:\VSProject\CG\GameEngine_DX12\Engine\Core\DirectX12\DirectX12_Impl.cpp, DirectX12::CreateID2D1DeviceContext, D2D device context creation completed
[Info] 2025/08/16 15:43:52, D:\VSProject\CG\GameEngine_DX12\Engine\Core\DirectX12\DirectX12_Impl.cpp, DirectX12::CreateD2DRenderTarget, D2D render target creation completed